[ERROR][prefabmanager.cpp:203]: ERROR::ASSIMP::FBX-Parser (TOK_DATA, line 1, col 2) unexpected token, expected TOK_KEY
[ERROR][prefabmanager.cpp:130]: Cannot load object from file
[ERROR][prefabmanager.cpp:203]: ERROR::ASSIMP::FBX-Parser (TOK_DATA, line 1, col 2) unexpected token, expected TOK_KEY
[ERROR][prefabmanager.cpp:130]: Cannot load object from file
[DEBUG][prefabmanager.cpp:141]: Map object name: Cone
[INFO][prefabmanager.cpp:145]: Correct mesh addition
[DEBUG][prefabmanager.cpp:146]: Mesh Map size: 1
[DEBUG][prefabmanager.cpp:141]: Map object name: Cylinder
[INFO][prefabmanager.cpp:145]: Correct mesh addition
[DEBUG][prefabmanager.cpp:146]: Mesh Map size: 2
[DEBUG][prefabmanager.cpp:141]: Map object name: Monkeyhead
[INFO][prefabmanager.cpp:145]: Correct mesh addition
[DEBUG][prefabmanager.cpp:146]: Mesh Map size: 3
[DEBUG][prefabmanager.cpp:141]: Map object name: Sphere
[INFO][prefabmanager.cpp:145]: Correct mesh addition
[DEBUG][prefabmanager.cpp:146]: Mesh Map size: 4
[DEBUG][prefabmanager.cpp:141]: Map object name: Torus
[INFO][prefabmanager.cpp:145]: Correct mesh addition
[DEBUG][prefabmanager.cpp:146]: Mesh Map size: 5
[ERROR][prefabmanager.cpp:203]: ERROR::ASSIMP::FBX-Parser (TOK_DATA, line 1, col 2) unexpected token, expected TOK_KEY
[ERROR][prefabmanager.cpp:130]: Cannot load object from file
[DEBUG][textureloader.cpp:28]: Textures/Cubemap/xpos.jpg
[DEBUG][textureloader.cpp:28]: Textures/Cubemap/xneg.jpg
[DEBUG][textureloader.cpp:28]: Textures/Cubemap/ypos.jpg
[DEBUG][textureloader.cpp:28]: Textures/Cubemap/yneg.jpg
[DEBUG][textureloader.cpp:28]: Textures/Cubemap/zpos.jpg
[DEBUG][textureloader.cpp:28]: Textures/Cubemap/zneg.jpg
[INFO][scenesmanager.cpp:17]: Prepare Scene
[INFO][editormanager.cpp:35]: Application start
[DEBUG][physicsmanager.cpp:32]: 0.600000
[WARNING][texturemanager.cpp:162]: Cannot find texture in map textureLabel = 
[WARNING][texturemanager.cpp:162]: Cannot find texture in map textureLabel = 
[WARNING][texturemanager.cpp:162]: Cannot find texture in map textureLabel = 
[INFO][guimanager.cpp:372]: Object size is bigger than previous
[WARNING][texturemanager.cpp:162]: Cannot find texture in map textureLabel = 
[WARNING][texturemanager.cpp:162]: Cannot find texture in map textureLabel = 
[WARNING][texturemanager.cpp:162]: Cannot find texture in map textureLabel = 
[WARNING][texturemanager.cpp:162]: Cannot find texture in map textureLabel = 
[WARNING][texturemanager.cpp:162]: Cannot find texture in map textureLabel = 
[WARNING][texturemanager.cpp:162]: Cannot find texture in map textureLabel = 
[WARNING][texturemanager.cpp:162]: Cannot find texture in map textureLabel = 
[WARNING][texturemanager.cpp:162]: Cannot find texture in map textureLabel = 
[WARNING][texturemanager.cpp:162]: Cannot find texture in map textureLabel = 
[WARNING][texturemanager.cpp:162]: Cannot find texture in map textureLabel = 
[WARNING][texturemanager.cpp:162]: Cannot find texture in map textureLabel = 
[WARNING][texturemanager.cpp:162]: Cannot find texture in map textureLabel = 
[WARNING][texturemanager.cpp:162]: Cannot find texture in map textureLabel = 
[WARNING][texturemanager.cpp:162]: Cannot find texture in map textureLabel = 
[WARNING][texturemanager.cpp:162]: Cannot find texture in map textureLabel = 
[WARNING][texturemanager.cpp:162]: Cannot find texture in map textureLabel = 
[WARNING][texturemanager.cpp:162]: Cannot find texture in map textureLabel = 
[WARNING][texturemanager.cpp:162]: Cannot find texture in map textureLabel = 
[WARNING][texturemanager.cpp:162]: Cannot find texture in map textureLabel = 
[WARNING][texturemanager.cpp:162]: Cannot find texture in map textureLabel = 
[WARNING][texturemanager.cpp:162]: Cannot find texture in map textureLabel = 
[WARNING][texturemanager.cpp:162]: Cannot find texture in map textureLabel = 
[WARNING][texturemanager.cpp:162]: Cannot find texture in map textureLabel = 
[WARNING][texturemanager.cpp:162]: Cannot find texture in map textureLabel = 
[WARNING][texturemanager.cpp:162]: Cannot find texture in map textureLabel = 
[WARNING][texturemanager.cpp:162]: Cannot find texture in map textureLabel = 
[WARNING][texturemanager.cpp:162]: Cannot find texture in map textureLabel = 
[WARNING][texturemanager.cpp:162]: Cannot find texture in map textureLabel = 
[WARNING][texturemanager.cpp:162]: Cannot find texture in map textureLabel = 
[WARNING][texturemanager.cpp:162]: Cannot find texture in map textureLabel = 
[WARNING][texturemanager.cpp:162]: Cannot find texture in map textureLabel = 
[WARNING][texturemanager.cpp:162]: Cannot find texture in map textureLabel = 
[WARNING][texturemanager.cpp:162]: Cannot find texture in map textureLabel = 
[WARNING][texturemanager.cpp:162]: Cannot find texture in map textureLabel = 
[WARNING][texturemanager.cpp:162]: Cannot find texture in map textureLabel = 
[WARNING][texturemanager.cpp:162]: Cannot find texture in map textureLabel = 
[WARNING][texturemanager.cpp:162]: Cannot find texture in map textureLabel = 
[WARNING][texturemanager.cpp:162]: Cannot find texture in map textureLabel = 
[WARNING][texturemanager.cpp:162]: Cannot find texture in map textureLabel = 
[WARNING][texturemanager.cpp:162]: Cannot find texture in map textureLabel = 
[WARNING][texturemanager.cpp:162]: Cannot find texture in map textureLabel = 
[WARNING][texturemanager.cpp:162]: Cannot find texture in map textureLabel = 
[WARNING][texturemanager.cpp:162]: Cannot find texture in map textureLabel = 
[WARNING][texturemanager.cpp:162]: Cannot find texture in map textureLabel = 
[WARNING][texturemanager.cpp:162]: Cannot find texture in map textureLabel = 
[WARNING][texturemanager.cpp:162]: Cannot find texture in map textureLabel = 
[WARNING][texturemanager.cpp:162]: Cannot find texture in map textureLabel = 
[WARNING][texturemanager.cpp:162]: Cannot find texture in map textureLabel = 
[WARNING][texturemanager.cpp:162]: Cannot find texture in map textureLabel = 
[WARNING][texturemanager.cpp:162]: Cannot find texture in map textureLabel = 
[WARNING][texturemanager.cpp:162]: Cannot find texture in map textureLabel = 
[WARNING][texturemanager.cpp:162]: Cannot find texture in map textureLabel = 
[WARNING][texturemanager.cpp:162]: Cannot find texture in map textureLabel = 
[WARNING][texturemanager.cpp:162]: Cannot find texture in map textureLabel = 
[WARNING][texturemanager.cpp:162]: Cannot find texture in map textureLabel = 
[WARNING][texturemanager.cpp:162]: Cannot find texture in map textureLabel = 
[WARNING][texturemanager.cpp:162]: Cannot find texture in map textureLabel = 
[WARNING][texturemanager.cpp:162]: Cannot find texture in map textureLabel = 
[WARNING][texturemanager.cpp:162]: Cannot find texture in map textureLabel = 
[WARNING][texturemanager.cpp:162]: Cannot find texture in map textureLabel = 
[WARNING][texturemanager.cpp:162]: Cannot find texture in map textureLabel = 
[WARNING][texturemanager.cpp:162]: Cannot find texture in map textureLabel = 
[WARNING][texturemanager.cpp:162]: Cannot find texture in map textureLabel = 
[WARNING][texturemanager.cpp:162]: Cannot find texture in map textureLabel = 
[WARNING][texturemanager.cpp:162]: Cannot find texture in map textureLabel = 
[WARNING][texturemanager.cpp:162]: Cannot find texture in map textureLabel = 
[WARNING][texturemanager.cpp:162]: Cannot find texture in map textureLabel = 
[WARNING][texturemanager.cpp:162]: Cannot find texture in map textureLabel = 
[WARNING][texturemanager.cpp:162]: Cannot find texture in map textureLabel = 
[WARNING][texturemanager.cpp:162]: Cannot find texture in map textureLabel = 
[WARNING][texturemanager.cpp:162]: Cannot find texture in map textureLabel = 
[WARNING][texturemanager.cpp:162]: Cannot find texture in map textureLabel = 
[WARNING][texturemanager.cpp:162]: Cannot find texture in map textureLabel = 
[WARNING][texturemanager.cpp:162]: Cannot find texture in map textureLabel = 
[WARNING][texturemanager.cpp:162]: Cannot find texture in map textureLabel = 
[WARNING][texturemanager.cpp:162]: Cannot find texture in map textureLabel = 
[WARNING][texturemanager.cpp:162]: Cannot find texture in map textureLabel = 
[WARNING][texturemanager.cpp:162]: Cannot find texture in map textureLabel = 
[WARNING][texturemanager.cpp:162]: Cannot find texture in map textureLabel = 
[WARNING][texturemanager.cpp:162]: Cannot find texture in map textureLabel = 
[WARNING][texturemanager.cpp:162]: Cannot find texture in map textureLabel = 
[WARNING][texturemanager.cpp:162]: Cannot find texture in map textureLabel = 
[WARNING][texturemanager.cpp:162]: Cannot find texture in map textureLabel = 
[WARNING][texturemanager.cpp:162]: Cannot find texture in map textureLabel = 
[WARNING][texturemanager.cpp:162]: Cannot find texture in map textureLabel = 
[WARNING][texturemanager.cpp:162]: Cannot find texture in map textureLabel = 
[WARNING][texturemanager.cpp:162]: Cannot find texture in map textureLabel = 
[WARNING][texturemanager.cpp:162]: Cannot find texture in map textureLabel = 
[WARNING][texturemanager.cpp:162]: Cannot find texture in map textureLabel = 
[WARNING][texturemanager.cpp:162]: Cannot find texture in map textureLabel = 
[WARNING][texturemanager.cpp:162]: Cannot find texture in map textureLabel = 
[WARNING][texturemanager.cpp:162]: Cannot find texture in map textureLabel = 
[WARNING][texturemanager.cpp:162]: Cannot find texture in map textureLabel = 
[WARNING][texturemanager.cpp:162]: Cannot find texture in map textureLabel = 
[WARNING][texturemanager.cpp:162]: Cannot find texture in map textureLabel = 
[WARNING][texturemanager.cpp:162]: Cannot find texture in map textureLabel = 
[WARNING][texturemanager.cpp:162]: Cannot find texture in map textureLabel = 
[WARNING][texturemanager.cpp:162]: Cannot find texture in map textureLabel = 
[WARNING][texturemanager.cpp:162]: Cannot find texture in map textureLabel = 
[WARNING][texturemanager.cpp:162]: Cannot find texture in map textureLabel = 
[WARNING][texturemanager.cpp:162]: Cannot find texture in map textureLabel = 
[WARNING][texturemanager.cpp:162]: Cannot find texture in map textureLabel = 
[WARNING][texturemanager.cpp:162]: Cannot find texture in map textureLabel = 
[WARNING][texturemanager.cpp:162]: Cannot find texture in map textureLabel = 
[WARNING][texturemanager.cpp:162]: Cannot find texture in map textureLabel = 
[WARNING][texturemanager.cpp:162]: Cannot find texture in map textureLabel = 
[WARNING][texturemanager.cpp:162]: Cannot find texture in map textureLabel = 
[WARNING][texturemanager.cpp:162]: Cannot find texture in map textureLabel = 
[WARNING][texturemanager.cpp:162]: Cannot find texture in map textureLabel = 
[WARNING][texturemanager.cpp:162]: Cannot find texture in map textureLabel = 
[WARNING][texturemanager.cpp:162]: Cannot find texture in map textureLabel = 
[WARNING][texturemanager.cpp:162]: Cannot find texture in map textureLabel = 
[WARNING][texturemanager.cpp:162]: Cannot find texture in map textureLabel = 
[WARNING][texturemanager.cpp:162]: Cannot find texture in map textureLabel = 
[WARNING][texturemanager.cpp:162]: Cannot find texture in map textureLabel = 
[WARNING][texturemanager.cpp:162]: Cannot find texture in map textureLabel = 
[WARNING][texturemanager.cpp:162]: Cannot find texture in map textureLabel = 
[WARNING][texturemanager.cpp:162]: Cannot find texture in map textureLabel = 
[WARNING][texturemanager.cpp:162]: Cannot find texture in map textureLabel = 
[WARNING][texturemanager.cpp:162]: Cannot find texture in map textureLabel = 
[WARNING][texturemanager.cpp:162]: Cannot find texture in map textureLabel = 
[WARNING][texturemanager.cpp:162]: Cannot find texture in map textureLabel = 
[WARNING][texturemanager.cpp:162]: Cannot find texture in map textureLabel = 
[WARNING][texturemanager.cpp:162]: Cannot find texture in map textureLabel = 
[WARNING][texturemanager.cpp:162]: Cannot find texture in map textureLabel = 
[WARNING][texturemanager.cpp:162]: Cannot find texture in map textureLabel = 
[WARNING][texturemanager.cpp:162]: Cannot find texture in map textureLabel = 
[WARNING][texturemanager.cpp:162]: Cannot find texture in map textureLabel = 
[WARNING][texturemanager.cpp:162]: Cannot find texture in map textureLabel = 
[WARNING][texturemanager.cpp:162]: Cannot find texture in map textureLabel = 
[WARNING][texturemanager.cpp:162]: Cannot find texture in map textureLabel = 
[WARNING][texturemanager.cpp:162]: Cannot find texture in map textureLabel = 
[WARNING][texturemanager.cpp:162]: Cannot find texture in map textureLabel = 
[WARNING][texturemanager.cpp:162]: Cannot find texture in map textureLabel = 
[WARNING][texturemanager.cpp:162]: Cannot find texture in map textureLabel = 
[WARNING][texturemanager.cpp:162]: Cannot find texture in map textureLabel = 
[WARNING][texturemanager.cpp:162]: Cannot find texture in map textureLabel = 
[WARNING][texturemanager.cpp:162]: Cannot find texture in map textureLabel = 
[WARNING][texturemanager.cpp:162]: Cannot find texture in map textureLabel = 
[WARNING][texturemanager.cpp:162]: Cannot find texture in map textureLabel = 
[WARNING][texturemanager.cpp:162]: Cannot find texture in map textureLabel = 
[WARNING][texturemanager.cpp:162]: Cannot find texture in map textureLabel = 
[WARNING][texturemanager.cpp:162]: Cannot find texture in map textureLabel = 
[WARNING][texturemanager.cpp:162]: Cannot find texture in map textureLabel = 
[WARNING][texturemanager.cpp:162]: Cannot find texture in map textureLabel = 
[WARNING][texturemanager.cpp:162]: Cannot find texture in map textureLabel = 
[WARNING][texturemanager.cpp:162]: Cannot find texture in map textureLabel = 
[WARNING][texturemanager.cpp:162]: Cannot find texture in map textureLabel = 
[WARNING][texturemanager.cpp:162]: Cannot find texture in map textureLabel = 
[WARNING][texturemanager.cpp:162]: Cannot find texture in map textureLabel = 
[WARNING][texturemanager.cpp:162]: Cannot find texture in map textureLabel = 
[WARNING][texturemanager.cpp:162]: Cannot find texture in map textureLabel = 
[WARNING][texturemanager.cpp:162]: Cannot find texture in map textureLabel = 
[WARNING][texturemanager.cpp:162]: Cannot find texture in map textureLabel = 
[WARNING][texturemanager.cpp:162]: Cannot find texture in map textureLabel = 
[WARNING][texturemanager.cpp:162]: Cannot find texture in map textureLabel = 
[WARNING][texturemanager.cpp:162]: Cannot find texture in map textureLabel = 
[WARNING][texturemanager.cpp:162]: Cannot find texture in map textureLabel = 
[WARNING][texturemanager.cpp:162]: Cannot find texture in map textureLabel = 
[WARNING][texturemanager.cpp:162]: Cannot find texture in map textureLabel = 
[WARNING][texturemanager.cpp:162]: Cannot find texture in map textureLabel = 
[WARNING][texturemanager.cpp:162]: Cannot find texture in map textureLabel = 
[WARNING][texturemanager.cpp:162]: Cannot find texture in map textureLabel = 
[WARNING][texturemanager.cpp:162]: Cannot find texture in map textureLabel = 
[WARNING][texturemanager.cpp:162]: Cannot find texture in map textureLabel = 
[WARNING][texturemanager.cpp:162]: Cannot find texture in map textureLabel = 
[WARNING][texturemanager.cpp:162]: Cannot find texture in map textureLabel = 
[WARNING][texturemanager.cpp:162]: Cannot find texture in map textureLabel = 
[WARNING][texturemanager.cpp:162]: Cannot find texture in map textureLabel = 
[WARNING][texturemanager.cpp:162]: Cannot find texture in map textureLabel = 
[WARNING][texturemanager.cpp:162]: Cannot find texture in map textureLabel = 
[WARNING][texturemanager.cpp:162]: Cannot find texture in map textureLabel = 
[WARNING][texturemanager.cpp:162]: Cannot find texture in map textureLabel = 
[WARNING][texturemanager.cpp:162]: Cannot find texture in map textureLabel = 
[WARNING][texturemanager.cpp:162]: Cannot find texture in map textureLabel = 
[WARNING][texturemanager.cpp:162]: Cannot find texture in map textureLabel = 
[WARNING][texturemanager.cpp:162]: Cannot find texture in map textureLabel = 
[WARNING][texturemanager.cpp:162]: Cannot find texture in map textureLabel = 
[WARNING][texturemanager.cpp:162]: Cannot find texture in map textureLabel = 
[WARNING][texturemanager.cpp:162]: Cannot find texture in map textureLabel = 
[WARNING][texturemanager.cpp:162]: Cannot find texture in map textureLabel = 
[WARNING][texturemanager.cpp:162]: Cannot find texture in map textureLabel = 
[WARNING][texturemanager.cpp:162]: Cannot find texture in map textureLabel = 
[WARNING][texturemanager.cpp:162]: Cannot find texture in map textureLabel = 
[WARNING][texturemanager.cpp:162]: Cannot find texture in map textureLabel = 
[WARNING][texturemanager.cpp:162]: Cannot find texture in map textureLabel = 
[WARNING][texturemanager.cpp:162]: Cannot find texture in map textureLabel = 
[WARNING][texturemanager.cpp:162]: Cannot find texture in map textureLabel = 
[WARNING][texturemanager.cpp:162]: Cannot find texture in map textureLabel = 
[WARNING][texturemanager.cpp:162]: Cannot find texture in map textureLabel = 
[WARNING][texturemanager.cpp:162]: Cannot find texture in map textureLabel = 
[WARNING][texturemanager.cpp:162]: Cannot find texture in map textureLabel = 
[WARNING][texturemanager.cpp:162]: Cannot find texture in map textureLabel = 
[WARNING][texturemanager.cpp:162]: Cannot find texture in map textureLabel = 
[WARNING][texturemanager.cpp:162]: Cannot find texture in map textureLabel = 
[WARNING][texturemanager.cpp:162]: Cannot find texture in map textureLabel = 
[WARNING][texturemanager.cpp:162]: Cannot find texture in map textureLabel = 
[WARNING][texturemanager.cpp:162]: Cannot find texture in map textureLabel = 
[WARNING][texturemanager.cpp:162]: Cannot find texture in map textureLabel = 
[WARNING][texturemanager.cpp:162]: Cannot find texture in map textureLabel = 
[WARNING][texturemanager.cpp:162]: Cannot find texture in map textureLabel = 
[WARNING][texturemanager.cpp:162]: Cannot find texture in map textureLabel = 
[WARNING][texturemanager.cpp:162]: Cannot find texture in map textureLabel = 
[WARNING][texturemanager.cpp:162]: Cannot find texture in map textureLabel = 
[WARNING][texturemanager.cpp:162]: Cannot find texture in map textureLabel = 
[WARNING][texturemanager.cpp:162]: Cannot find texture in map textureLabel = 
[WARNING][texturemanager.cpp:162]: Cannot find texture in map textureLabel = 
[WARNING][texturemanager.cpp:162]: Cannot find texture in map textureLabel = 
[WARNING][texturemanager.cpp:162]: Cannot find texture in map textureLabel = 
[WARNING][texturemanager.cpp:162]: Cannot find texture in map textureLabel = 
[WARNING][texturemanager.cpp:162]: Cannot find texture in map textureLabel = 
[WARNING][texturemanager.cpp:162]: Cannot find texture in map textureLabel = 
[WARNING][texturemanager.cpp:162]: Cannot find texture in map textureLabel = 
[WARNING][texturemanager.cpp:162]: Cannot find texture in map textureLabel = 
[WARNING][texturemanager.cpp:162]: Cannot find texture in map textureLabel = 
[WARNING][texturemanager.cpp:162]: Cannot find texture in map textureLabel = 
[WARNING][texturemanager.cpp:162]: Cannot find texture in map textureLabel = 
[WARNING][texturemanager.cpp:162]: Cannot find texture in map textureLabel = 
[WARNING][texturemanager.cpp:162]: Cannot find texture in map textureLabel = 
[WARNING][texturemanager.cpp:162]: Cannot find texture in map textureLabel = 
[WARNING][texturemanager.cpp:162]: Cannot find texture in map textureLabel = 
[WARNING][texturemanager.cpp:162]: Cannot find texture in map textureLabel = 
[WARNING][texturemanager.cpp:162]: Cannot find texture in map textureLabel = 
[WARNING][texturemanager.cpp:162]: Cannot find texture in map textureLabel = 
[WARNING][texturemanager.cpp:162]: Cannot find texture in map textureLabel = 
[WARNING][texturemanager.cpp:162]: Cannot find texture in map textureLabel = 
[WARNING][texturemanager.cpp:162]: Cannot find texture in map textureLabel = 
[WARNING][texturemanager.cpp:162]: Cannot find texture in map textureLabel = 
[WARNING][texturemanager.cpp:162]: Cannot find texture in map textureLabel = 
[WARNING][texturemanager.cpp:162]: Cannot find texture in map textureLabel = 
[WARNING][texturemanager.cpp:162]: Cannot find texture in map textureLabel = 
[WARNING][texturemanager.cpp:162]: Cannot find texture in map textureLabel = 
[WARNING][texturemanager.cpp:162]: Cannot find texture in map textureLabel = 
[WARNING][texturemanager.cpp:162]: Cannot find texture in map textureLabel = 
[WARNING][texturemanager.cpp:162]: Cannot find texture in map textureLabel = 
[WARNING][texturemanager.cpp:162]: Cannot find texture in map textureLabel = 
[WARNING][texturemanager.cpp:162]: Cannot find texture in map textureLabel = 
[WARNING][texturemanager.cpp:162]: Cannot find texture in map textureLabel = 
[WARNING][texturemanager.cpp:162]: Cannot find texture in map textureLabel = 
[WARNING][texturemanager.cpp:162]: Cannot find texture in map textureLabel = 
[WARNING][texturemanager.cpp:162]: Cannot find texture in map textureLabel = 
[WARNING][texturemanager.cpp:162]: Cannot find texture in map textureLabel = 
[WARNING][texturemanager.cpp:162]: Cannot find texture in map textureLabel = 
[WARNING][texturemanager.cpp:162]: Cannot find texture in map textureLabel = 
[WARNING][texturemanager.cpp:162]: Cannot find texture in map textureLabel = 
[WARNING][texturemanager.cpp:162]: Cannot find texture in map textureLabel = 
[WARNING][texturemanager.cpp:162]: Cannot find texture in map textureLabel = 
[WARNING][texturemanager.cpp:162]: Cannot find texture in map textureLabel = 
[WARNING][texturemanager.cpp:162]: Cannot find texture in map textureLabel = 
[WARNING][texturemanager.cpp:162]: Cannot find texture in map textureLabel = 
[WARNING][texturemanager.cpp:162]: Cannot find texture in map textureLabel = 
[WARNING][texturemanager.cpp:162]: Cannot find texture in map textureLabel = 
[WARNING][texturemanager.cpp:162]: Cannot find texture in map textureLabel = 
[WARNING][texturemanager.cpp:162]: Cannot find texture in map textureLabel = 
[WARNING][texturemanager.cpp:162]: Cannot find texture in map textureLabel = 
[WARNING][texturemanager.cpp:162]: Cannot find texture in map textureLabel = 
[WARNING][texturemanager.cpp:162]: Cannot find texture in map textureLabel = 
[WARNING][texturemanager.cpp:162]: Cannot find texture in map textureLabel = 
[WARNING][texturemanager.cpp:162]: Cannot find texture in map textureLabel = 
[WARNING][texturemanager.cpp:162]: Cannot find texture in map textureLabel = 
[WARNING][texturemanager.cpp:162]: Cannot find texture in map textureLabel = 
[WARNING][texturemanager.cpp:162]: Cannot find texture in map textureLabel = 
[WARNING][texturemanager.cpp:162]: Cannot find texture in map textureLabel = 
[WARNING][texturemanager.cpp:162]: Cannot find texture in map textureLabel = 
[WARNING][texturemanager.cpp:162]: Cannot find texture in map textureLabel = 
[WARNING][texturemanager.cpp:162]: Cannot find texture in map textureLabel = 
[WARNING][texturemanager.cpp:162]: Cannot find texture in map textureLabel = 
[WARNING][texturemanager.cpp:162]: Cannot find texture in map textureLabel = 
[WARNING][texturemanager.cpp:162]: Cannot find texture in map textureLabel = 
[WARNING][texturemanager.cpp:162]: Cannot find texture in map textureLabel = 
[WARNING][texturemanager.cpp:162]: Cannot find texture in map textureLabel = 
[WARNING][texturemanager.cpp:162]: Cannot find texture in map textureLabel = 
[WARNING][texturemanager.cpp:162]: Cannot find texture in map textureLabel = 
[WARNING][texturemanager.cpp:162]: Cannot find texture in map textureLabel = 
[WARNING][texturemanager.cpp:162]: Cannot find texture in map textureLabel = 
[WARNING][texturemanager.cpp:162]: Cannot find texture in map textureLabel = 
[WARNING][texturemanager.cpp:162]: Cannot find texture in map textureLabel = 
[WARNING][texturemanager.cpp:162]: Cannot find texture in map textureLabel = 
[WARNING][texturemanager.cpp:162]: Cannot find texture in map textureLabel = 
[WARNING][texturemanager.cpp:162]: Cannot find texture in map textureLabel = 
[WARNING][texturemanager.cpp:162]: Cannot find texture in map textureLabel = 
[WARNING][texturemanager.cpp:162]: Cannot find texture in map textureLabel = 
[WARNING][texturemanager.cpp:162]: Cannot find texture in map textureLabel = 
[WARNING][texturemanager.cpp:162]: Cannot find texture in map textureLabel = 
[WARNING][texturemanager.cpp:162]: Cannot find texture in map textureLabel = 
[WARNING][texturemanager.cpp:162]: Cannot find texture in map textureLabel = 
[WARNING][texturemanager.cpp:162]: Cannot find texture in map textureLabel = 
[WARNING][texturemanager.cpp:162]: Cannot find texture in map textureLabel = 
[WARNING][texturemanager.cpp:162]: Cannot find texture in map textureLabel = 
[WARNING][texturemanager.cpp:162]: Cannot find texture in map textureLabel = 
[WARNING][texturemanager.cpp:162]: Cannot find texture in map textureLabel = 
[WARNING][texturemanager.cpp:162]: Cannot find texture in map textureLabel = 
[WARNING][texturemanager.cpp:162]: Cannot find texture in map textureLabel = 
[WARNING][texturemanager.cpp:162]: Cannot find texture in map textureLabel = 
[WARNING][texturemanager.cpp:162]: Cannot find texture in map textureLabel = 
[WARNING][texturemanager.cpp:162]: Cannot find texture in map textureLabel = 
[WARNING][texturemanager.cpp:162]: Cannot find texture in map textureLabel = 
[WARNING][texturemanager.cpp:162]: Cannot find texture in map textureLabel = 
[WARNING][texturemanager.cpp:162]: Cannot find texture in map textureLabel = 
[WARNING][texturemanager.cpp:162]: Cannot find texture in map textureLabel = 
[WARNING][texturemanager.cpp:162]: Cannot find texture in map textureLabel = 
[WARNING][texturemanager.cpp:162]: Cannot find texture in map textureLabel = 
[WARNING][texturemanager.cpp:162]: Cannot find texture in map textureLabel = 
[WARNING][texturemanager.cpp:162]: Cannot find texture in map textureLabel = 
[WARNING][texturemanager.cpp:162]: Cannot find texture in map textureLabel = 
[WARNING][texturemanager.cpp:162]: Cannot find texture in map textureLabel = 
[WARNING][texturemanager.cpp:162]: Cannot find texture in map textureLabel = 
[WARNING][texturemanager.cpp:162]: Cannot find texture in map textureLabel = 
[WARNING][texturemanager.cpp:162]: Cannot find texture in map textureLabel = 
[WARNING][texturemanager.cpp:162]: Cannot find texture in map textureLabel = 
[WARNING][texturemanager.cpp:162]: Cannot find texture in map textureLabel = 
[WARNING][texturemanager.cpp:162]: Cannot find texture in map textureLabel = 
[WARNING][texturemanager.cpp:162]: Cannot find texture in map textureLabel = 
[WARNING][texturemanager.cpp:162]: Cannot find texture in map textureLabel = 
[WARNING][texturemanager.cpp:162]: Cannot find texture in map textureLabel = 
[WARNING][texturemanager.cpp:162]: Cannot find texture in map textureLabel = 
[WARNING][texturemanager.cpp:162]: Cannot find texture in map textureLabel = 
[WARNING][texturemanager.cpp:162]: Cannot find texture in map textureLabel = 
[WARNING][texturemanager.cpp:162]: Cannot find texture in map textureLabel = 
[WARNING][texturemanager.cpp:162]: Cannot find texture in map textureLabel = 
[WARNING][texturemanager.cpp:162]: Cannot find texture in map textureLabel = 
[WARNING][texturemanager.cpp:162]: Cannot find texture in map textureLabel = 
[WARNING][texturemanager.cpp:162]: Cannot find texture in map textureLabel = 
[WARNING][texturemanager.cpp:162]: Cannot find texture in map textureLabel = 
[WARNING][texturemanager.cpp:162]: Cannot find texture in map textureLabel = 
[WARNING][texturemanager.cpp:162]: Cannot find texture in map textureLabel = 
[WARNING][texturemanager.cpp:162]: Cannot find texture in map textureLabel = 
[WARNING][texturemanager.cpp:162]: Cannot find texture in map textureLabel = 
[WARNING][texturemanager.cpp:162]: Cannot find texture in map textureLabel = 
[WARNING][texturemanager.cpp:162]: Cannot find texture in map textureLabel = 
[WARNING][texturemanager.cpp:162]: Cannot find texture in map textureLabel = 
[WARNING][texturemanager.cpp:162]: Cannot find texture in map textureLabel = 
[WARNING][texturemanager.cpp:162]: Cannot find texture in map textureLabel = 
[WARNING][texturemanager.cpp:162]: Cannot find texture in map textureLabel = 
[WARNING][texturemanager.cpp:162]: Cannot find texture in map textureLabel = 
[WARNING][texturemanager.cpp:162]: Cannot find texture in map textureLabel = 
[WARNING][texturemanager.cpp:162]: Cannot find texture in map textureLabel = 
[WARNING][texturemanager.cpp:162]: Cannot find texture in map textureLabel = 
[WARNING][texturemanager.cpp:162]: Cannot find texture in map textureLabel = 
[WARNING][texturemanager.cpp:162]: Cannot find texture in map textureLabel = 
[WARNING][texturemanager.cpp:162]: Cannot find texture in map textureLabel = 
[WARNING][texturemanager.cpp:162]: Cannot find texture in map textureLabel = 
[WARNING][texturemanager.cpp:162]: Cannot find texture in map textureLabel = 
[WARNING][texturemanager.cpp:162]: Cannot find texture in map textureLabel = 
[WARNING][texturemanager.cpp:162]: Cannot find texture in map textureLabel = 
[WARNING][texturemanager.cpp:162]: Cannot find texture in map textureLabel = 
[WARNING][texturemanager.cpp:162]: Cannot find texture in map textureLabel = 
[WARNING][texturemanager.cpp:162]: Cannot find texture in map textureLabel = 
[WARNING][texturemanager.cpp:162]: Cannot find texture in map textureLabel = 
[WARNING][texturemanager.cpp:162]: Cannot find texture in map textureLabel = 
[WARNING][texturemanager.cpp:162]: Cannot find texture in map textureLabel = 
[WARNING][texturemanager.cpp:162]: Cannot find texture in map textureLabel = 
[WARNING][texturemanager.cpp:162]: Cannot find texture in map textureLabel = 
[WARNING][texturemanager.cpp:162]: Cannot find texture in map textureLabel = 
[WARNING][texturemanager.cpp:162]: Cannot find texture in map textureLabel = 
[WARNING][texturemanager.cpp:162]: Cannot find texture in map textureLabel = 
[WARNING][texturemanager.cpp:162]: Cannot find texture in map textureLabel = 
[WARNING][texturemanager.cpp:162]: Cannot find texture in map textureLabel = 
[WARNING][texturemanager.cpp:162]: Cannot find texture in map textureLabel = 
[WARNING][texturemanager.cpp:162]: Cannot find texture in map textureLabel = 
[WARNING][texturemanager.cpp:162]: Cannot find texture in map textureLabel = 
[WARNING][texturemanager.cpp:162]: Cannot find texture in map textureLabel = 
[WARNING][texturemanager.cpp:162]: Cannot find texture in map textureLabel = 
[WARNING][texturemanager.cpp:162]: Cannot find texture in map textureLabel = 
[WARNING][texturemanager.cpp:162]: Cannot find texture in map textureLabel = 
[WARNING][texturemanager.cpp:162]: Cannot find texture in map textureLabel = 
[WARNING][texturemanager.cpp:162]: Cannot find texture in map textureLabel = 
[WARNING][texturemanager.cpp:162]: Cannot find texture in map textureLabel = 
[WARNING][texturemanager.cpp:162]: Cannot find texture in map textureLabel = 
[WARNING][texturemanager.cpp:162]: Cannot find texture in map textureLabel = 
[WARNING][texturemanager.cpp:162]: Cannot find texture in map textureLabel = 
[WARNING][texturemanager.cpp:162]: Cannot find texture in map textureLabel = 
[WARNING][texturemanager.cpp:162]: Cannot find texture in map textureLabel = 
[WARNING][texturemanager.cpp:162]: Cannot find texture in map textureLabel = 
[WARNING][texturemanager.cpp:162]: Cannot find texture in map textureLabel = 
[WARNING][texturemanager.cpp:162]: Cannot find texture in map textureLabel = 
[WARNING][texturemanager.cpp:162]: Cannot find texture in map textureLabel = 
[WARNING][texturemanager.cpp:162]: Cannot find texture in map textureLabel = 
[WARNING][texturemanager.cpp:162]: Cannot find texture in map textureLabel = 
[WARNING][texturemanager.cpp:162]: Cannot find texture in map textureLabel = 
[WARNING][texturemanager.cpp:162]: Cannot find texture in map textureLabel = 
[WARNING][texturemanager.cpp:162]: Cannot find texture in map textureLabel = 
[WARNING][texturemanager.cpp:162]: Cannot find texture in map textureLabel = 
[WARNING][texturemanager.cpp:162]: Cannot find texture in map textureLabel = 
[WARNING][texturemanager.cpp:162]: Cannot find texture in map textureLabel = 
[WARNING][texturemanager.cpp:162]: Cannot find texture in map textureLabel = 
[WARNING][texturemanager.cpp:162]: Cannot find texture in map textureLabel = 
[WARNING][texturemanager.cpp:162]: Cannot find texture in map textureLabel = 
[WARNING][texturemanager.cpp:162]: Cannot find texture in map textureLabel = 
[WARNING][texturemanager.cpp:162]: Cannot find texture in map textureLabel = 
[WARNING][texturemanager.cpp:162]: Cannot find texture in map textureLabel = 
[WARNING][texturemanager.cpp:162]: Cannot find texture in map textureLabel = 
[WARNING][texturemanager.cpp:162]: Cannot find texture in map textureLabel = 
[WARNING][texturemanager.cpp:162]: Cannot find texture in map textureLabel = 
[WARNING][texturemanager.cpp:162]: Cannot find texture in map textureLabel = 
[WARNING][texturemanager.cpp:162]: Cannot find texture in map textureLabel = 
[WARNING][texturemanager.cpp:162]: Cannot find texture in map textureLabel = 
[WARNING][texturemanager.cpp:162]: Cannot find texture in map textureLabel = 
[WARNING][texturemanager.cpp:162]: Cannot find texture in map textureLabel = 
[WARNING][texturemanager.cpp:162]: Cannot find texture in map textureLabel = 
[WARNING][texturemanager.cpp:162]: Cannot find texture in map textureLabel = 
[WARNING][texturemanager.cpp:162]: Cannot find texture in map textureLabel = 
[WARNING][texturemanager.cpp:162]: Cannot find texture in map textureLabel = 
[WARNING][texturemanager.cpp:162]: Cannot find texture in map textureLabel = 
[WARNING][texturemanager.cpp:162]: Cannot find texture in map textureLabel = 
[WARNING][texturemanager.cpp:162]: Cannot find texture in map textureLabel = 
[WARNING][texturemanager.cpp:162]: Cannot find texture in map textureLabel = 
[WARNING][texturemanager.cpp:162]: Cannot find texture in map textureLabel = 
[WARNING][texturemanager.cpp:162]: Cannot find texture in map textureLabel = 
[WARNING][texturemanager.cpp:162]: Cannot find texture in map textureLabel = 
[WARNING][texturemanager.cpp:162]: Cannot find texture in map textureLabel = 
[WARNING][texturemanager.cpp:162]: Cannot find texture in map textureLabel = 
[WARNING][texturemanager.cpp:162]: Cannot find texture in map textureLabel = 
[WARNING][texturemanager.cpp:162]: Cannot find texture in map textureLabel = 
[WARNING][texturemanager.cpp:162]: Cannot find texture in map textureLabel = 
[WARNING][texturemanager.cpp:162]: Cannot find texture in map textureLabel = 
[WARNING][texturemanager.cpp:162]: Cannot find texture in map textureLabel = 
[WARNING][texturemanager.cpp:162]: Cannot find texture in map textureLabel = 
[WARNING][texturemanager.cpp:162]: Cannot find texture in map textureLabel = 
[WARNING][texturemanager.cpp:162]: Cannot find texture in map textureLabel = 
[WARNING][texturemanager.cpp:162]: Cannot find texture in map textureLabel = 
[WARNING][texturemanager.cpp:162]: Cannot find texture in map textureLabel = 
[WARNING][texturemanager.cpp:162]: Cannot find texture in map textureLabel = 
[WARNING][texturemanager.cpp:162]: Cannot find texture in map textureLabel = 
[WARNING][texturemanager.cpp:162]: Cannot find texture in map textureLabel = 
[WARNING][texturemanager.cpp:162]: Cannot find texture in map textureLabel = 
[WARNING][texturemanager.cpp:162]: Cannot find texture in map textureLabel = 
[WARNING][texturemanager.cpp:162]: Cannot find texture in map textureLabel = 
[WARNING][texturemanager.cpp:162]: Cannot find texture in map textureLabel = 
[WARNING][texturemanager.cpp:162]: Cannot find texture in map textureLabel = 
[WARNING][texturemanager.cpp:162]: Cannot find texture in map textureLabel = 
[WARNING][texturemanager.cpp:162]: Cannot find texture in map textureLabel = 
[WARNING][texturemanager.cpp:162]: Cannot find texture in map textureLabel = 
[WARNING][texturemanager.cpp:162]: Cannot find texture in map textureLabel = 
[WARNING][texturemanager.cpp:162]: Cannot find texture in map textureLabel = 
[WARNING][texturemanager.cpp:162]: Cannot find texture in map textureLabel = 
[WARNING][texturemanager.cpp:162]: Cannot find texture in map textureLabel = 
[WARNING][texturemanager.cpp:162]: Cannot find texture in map textureLabel = 
[WARNING][texturemanager.cpp:162]: Cannot find texture in map textureLabel = 
[WARNING][texturemanager.cpp:162]: Cannot find texture in map textureLabel = 
[WARNING][texturemanager.cpp:162]: Cannot find texture in map textureLabel = 
[WARNING][texturemanager.cpp:162]: Cannot find texture in map textureLabel = 
[WARNING][texturemanager.cpp:162]: Cannot find texture in map textureLabel = 
[WARNING][texturemanager.cpp:162]: Cannot find texture in map textureLabel = 
[WARNING][texturemanager.cpp:162]: Cannot find texture in map textureLabel = 
[WARNING][texturemanager.cpp:162]: Cannot find texture in map textureLabel = 
[WARNING][texturemanager.cpp:162]: Cannot find texture in map textureLabel = 
[WARNING][texturemanager.cpp:162]: Cannot find texture in map textureLabel = 
[WARNING][texturemanager.cpp:162]: Cannot find texture in map textureLabel = 
[WARNING][texturemanager.cpp:162]: Cannot find texture in map textureLabel = 
[WARNING][texturemanager.cpp:162]: Cannot find texture in map textureLabel = 
[WARNING][texturemanager.cpp:162]: Cannot find texture in map textureLabel = 
[WARNING][texturemanager.cpp:162]: Cannot find texture in map textureLabel = 
[WARNING][texturemanager.cpp:162]: Cannot find texture in map textureLabel = 
[WARNING][texturemanager.cpp:162]: Cannot find texture in map textureLabel = 
[WARNING][texturemanager.cpp:162]: Cannot find texture in map textureLabel = 
[WARNING][texturemanager.cpp:162]: Cannot find texture in map textureLabel = 
[WARNING][texturemanager.cpp:162]: Cannot find texture in map textureLabel = 
[WARNING][texturemanager.cpp:162]: Cannot find texture in map textureLabel = 
[WARNING][texturemanager.cpp:162]: Cannot find texture in map textureLabel = 
[WARNING][texturemanager.cpp:162]: Cannot find texture in map textureLabel = 
[WARNING][texturemanager.cpp:162]: Cannot find texture in map textureLabel = 
[WARNING][texturemanager.cpp:162]: Cannot find texture in map textureLabel = 
[WARNING][texturemanager.cpp:162]: Cannot find texture in map textureLabel = 
[WARNING][texturemanager.cpp:162]: Cannot find texture in map textureLabel = 
[WARNING][texturemanager.cpp:162]: Cannot find texture in map textureLabel = 
[WARNING][texturemanager.cpp:162]: Cannot find texture in map textureLabel = 
[WARNING][texturemanager.cpp:162]: Cannot find texture in map textureLabel = 
[WARNING][texturemanager.cpp:162]: Cannot find texture in map textureLabel = 
[WARNING][texturemanager.cpp:162]: Cannot find texture in map textureLabel = 
[WARNING][texturemanager.cpp:162]: Cannot find texture in map textureLabel = 
[WARNING][texturemanager.cpp:162]: Cannot find texture in map textureLabel = 
[WARNING][texturemanager.cpp:162]: Cannot find texture in map textureLabel = 
[WARNING][texturemanager.cpp:162]: Cannot find texture in map textureLabel = 
[WARNING][texturemanager.cpp:162]: Cannot find texture in map textureLabel = 
[WARNING][texturemanager.cpp:162]: Cannot find texture in map textureLabel = 
[WARNING][texturemanager.cpp:162]: Cannot find texture in map textureLabel = 
[WARNING][texturemanager.cpp:162]: Cannot find texture in map textureLabel = 
[WARNING][texturemanager.cpp:162]: Cannot find texture in map textureLabel = 
[WARNING][texturemanager.cpp:162]: Cannot find texture in map textureLabel = 
[WARNING][texturemanager.cpp:162]: Cannot find texture in map textureLabel = 
[WARNING][texturemanager.cpp:162]: Cannot find texture in map textureLabel = 
[WARNING][texturemanager.cpp:162]: Cannot find texture in map textureLabel = 
[WARNING][texturemanager.cpp:162]: Cannot find texture in map textureLabel = 
[WARNING][texturemanager.cpp:162]: Cannot find texture in map textureLabel = 
[WARNING][texturemanager.cpp:162]: Cannot find texture in map textureLabel = 
[WARNING][texturemanager.cpp:162]: Cannot find texture in map textureLabel = 
[WARNING][texturemanager.cpp:162]: Cannot find texture in map textureLabel = 
[WARNING][texturemanager.cpp:162]: Cannot find texture in map textureLabel = 
[WARNING][texturemanager.cpp:162]: Cannot find texture in map textureLabel = 
[WARNING][texturemanager.cpp:162]: Cannot find texture in map textureLabel = 
[WARNING][texturemanager.cpp:162]: Cannot find texture in map textureLabel = 
[WARNING][texturemanager.cpp:162]: Cannot find texture in map textureLabel = 
[WARNING][texturemanager.cpp:162]: Cannot find texture in map textureLabel = 
[WARNING][texturemanager.cpp:162]: Cannot find texture in map textureLabel = 
[WARNING][texturemanager.cpp:162]: Cannot find texture in map textureLabel = 
[WARNING][texturemanager.cpp:162]: Cannot find texture in map textureLabel = 
[WARNING][texturemanager.cpp:162]: Cannot find texture in map textureLabel = 
[WARNING][texturemanager.cpp:162]: Cannot find texture in map textureLabel = 
[WARNING][texturemanager.cpp:162]: Cannot find texture in map textureLabel = 
[WARNING][texturemanager.cpp:162]: Cannot find texture in map textureLabel = 
[WARNING][texturemanager.cpp:162]: Cannot find texture in map textureLabel = 
[WARNING][texturemanager.cpp:162]: Cannot find texture in map textureLabel = 
[WARNING][texturemanager.cpp:162]: Cannot find texture in map textureLabel = 
[WARNING][texturemanager.cpp:162]: Cannot find texture in map textureLabel = 
[WARNING][texturemanager.cpp:162]: Cannot find texture in map textureLabel = 
[WARNING][texturemanager.cpp:162]: Cannot find texture in map textureLabel = 
[WARNING][texturemanager.cpp:162]: Cannot find texture in map textureLabel = 
[WARNING][texturemanager.cpp:162]: Cannot find texture in map textureLabel = 
[WARNING][texturemanager.cpp:162]: Cannot find texture in map textureLabel = 
[WARNING][texturemanager.cpp:162]: Cannot find texture in map textureLabel = 
[WARNING][texturemanager.cpp:162]: Cannot find texture in map textureLabel = 
[WARNING][texturemanager.cpp:162]: Cannot find texture in map textureLabel = 
[WARNING][texturemanager.cpp:162]: Cannot find texture in map textureLabel = 
[WARNING][texturemanager.cpp:162]: Cannot find texture in map textureLabel = 
[WARNING][texturemanager.cpp:162]: Cannot find texture in map textureLabel = 
[WARNING][texturemanager.cpp:162]: Cannot find texture in map textureLabel = 
[WARNING][texturemanager.cpp:162]: Cannot find texture in map textureLabel = 
[WARNING][texturemanager.cpp:162]: Cannot find texture in map textureLabel = 
[WARNING][texturemanager.cpp:162]: Cannot find texture in map textureLabel = 
[WARNING][texturemanager.cpp:162]: Cannot find texture in map textureLabel = 
[WARNING][texturemanager.cpp:162]: Cannot find texture in map textureLabel = 
[WARNING][texturemanager.cpp:162]: Cannot find texture in map textureLabel = 
[WARNING][texturemanager.cpp:162]: Cannot find texture in map textureLabel = 
[WARNING][texturemanager.cpp:162]: Cannot find texture in map textureLabel = 
[WARNING][texturemanager.cpp:162]: Cannot find texture in map textureLabel = 
[WARNING][texturemanager.cpp:162]: Cannot find texture in map textureLabel = 
[WARNING][texturemanager.cpp:162]: Cannot find texture in map textureLabel = 
[WARNING][texturemanager.cpp:162]: Cannot find texture in map textureLabel = 
[WARNING][texturemanager.cpp:162]: Cannot find texture in map textureLabel = 
[WARNING][texturemanager.cpp:162]: Cannot find texture in map textureLabel = 
[WARNING][texturemanager.cpp:162]: Cannot find texture in map textureLabel = 
[WARNING][texturemanager.cpp:162]: Cannot find texture in map textureLabel = 
[WARNING][texturemanager.cpp:162]: Cannot find texture in map textureLabel = 
[WARNING][texturemanager.cpp:162]: Cannot find texture in map textureLabel = 
[WARNING][texturemanager.cpp:162]: Cannot find texture in map textureLabel = 
[WARNING][texturemanager.cpp:162]: Cannot find texture in map textureLabel = 
[WARNING][texturemanager.cpp:162]: Cannot find texture in map textureLabel = 
[WARNING][texturemanager.cpp:162]: Cannot find texture in map textureLabel = 
[WARNING][texturemanager.cpp:162]: Cannot find texture in map textureLabel = 
[WARNING][texturemanager.cpp:162]: Cannot find texture in map textureLabel = 
[WARNING][texturemanager.cpp:162]: Cannot find texture in map textureLabel = 
[WARNING][texturemanager.cpp:162]: Cannot find texture in map textureLabel = 
[WARNING][texturemanager.cpp:162]: Cannot find texture in map textureLabel = 
[WARNING][texturemanager.cpp:162]: Cannot find texture in map textureLabel = 
[WARNING][texturemanager.cpp:162]: Cannot find texture in map textureLabel = 
[WARNING][texturemanager.cpp:162]: Cannot find texture in map textureLabel = 
[WARNING][texturemanager.cpp:162]: Cannot find texture in map textureLabel = 
[WARNING][texturemanager.cpp:162]: Cannot find texture in map textureLabel = 
[WARNING][texturemanager.cpp:162]: Cannot find texture in map textureLabel = 
[WARNING][texturemanager.cpp:162]: Cannot find texture in map textureLabel = 
[WARNING][texturemanager.cpp:162]: Cannot find texture in map textureLabel = 
[WARNING][texturemanager.cpp:162]: Cannot find texture in map textureLabel = 
[WARNING][texturemanager.cpp:162]: Cannot find texture in map textureLabel = 
[WARNING][texturemanager.cpp:162]: Cannot find texture in map textureLabel = 
[WARNING][texturemanager.cpp:162]: Cannot find texture in map textureLabel = 
[WARNING][texturemanager.cpp:162]: Cannot find texture in map textureLabel = 
[WARNING][texturemanager.cpp:162]: Cannot find texture in map textureLabel = 
[WARNING][texturemanager.cpp:162]: Cannot find texture in map textureLabel = 
[WARNING][texturemanager.cpp:162]: Cannot find texture in map textureLabel = 
[WARNING][texturemanager.cpp:162]: Cannot find texture in map textureLabel = 
[WARNING][texturemanager.cpp:162]: Cannot find texture in map textureLabel = 
[WARNING][texturemanager.cpp:162]: Cannot find texture in map textureLabel = 
[WARNING][texturemanager.cpp:162]: Cannot find texture in map textureLabel = 
[WARNING][texturemanager.cpp:162]: Cannot find texture in map textureLabel = 
[WARNING][texturemanager.cpp:162]: Cannot find texture in map textureLabel = 
[WARNING][texturemanager.cpp:162]: Cannot find texture in map textureLabel = 
[WARNING][texturemanager.cpp:162]: Cannot find texture in map textureLabel = 
[WARNING][texturemanager.cpp:162]: Cannot find texture in map textureLabel = 
[WARNING][texturemanager.cpp:162]: Cannot find texture in map textureLabel = 
[WARNING][texturemanager.cpp:162]: Cannot find texture in map textureLabel = 
[WARNING][texturemanager.cpp:162]: Cannot find texture in map textureLabel = 
[WARNING][texturemanager.cpp:162]: Cannot find texture in map textureLabel = 
[WARNING][texturemanager.cpp:162]: Cannot find texture in map textureLabel = 
[WARNING][texturemanager.cpp:162]: Cannot find texture in map textureLabel = 
[WARNING][texturemanager.cpp:162]: Cannot find texture in map textureLabel = 
[WARNING][texturemanager.cpp:162]: Cannot find texture in map textureLabel = 
[WARNING][texturemanager.cpp:162]: Cannot find texture in map textureLabel = 
[WARNING][texturemanager.cpp:162]: Cannot find texture in map textureLabel = 
[WARNING][texturemanager.cpp:162]: Cannot find texture in map textureLabel = 
[WARNING][texturemanager.cpp:162]: Cannot find texture in map textureLabel = 
[WARNING][texturemanager.cpp:162]: Cannot find texture in map textureLabel = 
[WARNING][texturemanager.cpp:162]: Cannot find texture in map textureLabel = 
[WARNING][texturemanager.cpp:162]: Cannot find texture in map textureLabel = 
[WARNING][texturemanager.cpp:162]: Cannot find texture in map textureLabel = 
[WARNING][texturemanager.cpp:162]: Cannot find texture in map textureLabel = 
[WARNING][texturemanager.cpp:162]: Cannot find texture in map textureLabel = 
[WARNING][texturemanager.cpp:162]: Cannot find texture in map textureLabel = 
[WARNING][texturemanager.cpp:162]: Cannot find texture in map textureLabel = 
[WARNING][texturemanager.cpp:162]: Cannot find texture in map textureLabel = 
[WARNING][texturemanager.cpp:162]: Cannot find texture in map textureLabel = 
[WARNING][texturemanager.cpp:162]: Cannot find texture in map textureLabel = 
[WARNING][texturemanager.cpp:162]: Cannot find texture in map textureLabel = 
[WARNING][texturemanager.cpp:162]: Cannot find texture in map textureLabel = 
[WARNING][texturemanager.cpp:162]: Cannot find texture in map textureLabel = 
[WARNING][texturemanager.cpp:162]: Cannot find texture in map textureLabel = 
[WARNING][texturemanager.cpp:162]: Cannot find texture in map textureLabel = 
[WARNING][texturemanager.cpp:162]: Cannot find texture in map textureLabel = 
[WARNING][texturemanager.cpp:162]: Cannot find texture in map textureLabel = 
[WARNING][texturemanager.cpp:162]: Cannot find texture in map textureLabel = 
[WARNING][texturemanager.cpp:162]: Cannot find texture in map textureLabel = 
[WARNING][texturemanager.cpp:162]: Cannot find texture in map textureLabel = 
[WARNING][texturemanager.cpp:162]: Cannot find texture in map textureLabel = 
[WARNING][texturemanager.cpp:162]: Cannot find texture in map textureLabel = 
[WARNING][texturemanager.cpp:162]: Cannot find texture in map textureLabel = 
[WARNING][texturemanager.cpp:162]: Cannot find texture in map textureLabel = 
[WARNING][texturemanager.cpp:162]: Cannot find texture in map textureLabel = 
[WARNING][texturemanager.cpp:162]: Cannot find texture in map textureLabel = 
[WARNING][texturemanager.cpp:162]: Cannot find texture in map textureLabel = 
[WARNING][texturemanager.cpp:162]: Cannot find texture in map textureLabel = 
[WARNING][texturemanager.cpp:162]: Cannot find texture in map textureLabel = 
[WARNING][texturemanager.cpp:162]: Cannot find texture in map textureLabel = 
[WARNING][texturemanager.cpp:162]: Cannot find texture in map textureLabel = 
[WARNING][texturemanager.cpp:162]: Cannot find texture in map textureLabel = 
[WARNING][texturemanager.cpp:162]: Cannot find texture in map textureLabel = 
[WARNING][texturemanager.cpp:162]: Cannot find texture in map textureLabel = 
[WARNING][texturemanager.cpp:162]: Cannot find texture in map textureLabel = 
[WARNING][texturemanager.cpp:162]: Cannot find texture in map textureLabel = 
[WARNING][texturemanager.cpp:162]: Cannot find texture in map textureLabel = 
[WARNING][texturemanager.cpp:162]: Cannot find texture in map textureLabel = 
[WARNING][texturemanager.cpp:162]: Cannot find texture in map textureLabel = 
[WARNING][texturemanager.cpp:162]: Cannot find texture in map textureLabel = 
[WARNING][texturemanager.cpp:162]: Cannot find texture in map textureLabel = 
[WARNING][texturemanager.cpp:162]: Cannot find texture in map textureLabel = 
[WARNING][texturemanager.cpp:162]: Cannot find texture in map textureLabel = 
[WARNING][texturemanager.cpp:162]: Cannot find texture in map textureLabel = 
[WARNING][texturemanager.cpp:162]: Cannot find texture in map textureLabel = 
[WARNING][texturemanager.cpp:162]: Cannot find texture in map textureLabel = 
[WARNING][texturemanager.cpp:162]: Cannot find texture in map textureLabel = 
[WARNING][texturemanager.cpp:162]: Cannot find texture in map textureLabel = 
[WARNING][texturemanager.cpp:162]: Cannot find texture in map textureLabel = 
[WARNING][texturemanager.cpp:162]: Cannot find texture in map textureLabel = 
[WARNING][texturemanager.cpp:162]: Cannot find texture in map textureLabel = 
[WARNING][texturemanager.cpp:162]: Cannot find texture in map textureLabel = 
[WARNING][texturemanager.cpp:162]: Cannot find texture in map textureLabel = 
[WARNING][texturemanager.cpp:162]: Cannot find texture in map textureLabel = 
[WARNING][texturemanager.cpp:162]: Cannot find texture in map textureLabel = 
[WARNING][texturemanager.cpp:162]: Cannot find texture in map textureLabel = 
[WARNING][texturemanager.cpp:162]: Cannot find texture in map textureLabel = 
[WARNING][texturemanager.cpp:162]: Cannot find texture in map textureLabel = 
[WARNING][texturemanager.cpp:162]: Cannot find texture in map textureLabel = 
[WARNING][texturemanager.cpp:162]: Cannot find texture in map textureLabel = 
[WARNING][texturemanager.cpp:162]: Cannot find texture in map textureLabel = 
[WARNING][texturemanager.cpp:162]: Cannot find texture in map textureLabel = 
[WARNING][texturemanager.cpp:162]: Cannot find texture in map textureLabel = 
[WARNING][texturemanager.cpp:162]: Cannot find texture in map textureLabel = 
[WARNING][texturemanager.cpp:162]: Cannot find texture in map textureLabel = 
[WARNING][texturemanager.cpp:162]: Cannot find texture in map textureLabel = 
[WARNING][texturemanager.cpp:162]: Cannot find texture in map textureLabel = 
[WARNING][texturemanager.cpp:162]: Cannot find texture in map textureLabel = 
[WARNING][texturemanager.cpp:162]: Cannot find texture in map textureLabel = 
[WARNING][texturemanager.cpp:162]: Cannot find texture in map textureLabel = 
[WARNING][texturemanager.cpp:162]: Cannot find texture in map textureLabel = 
[WARNING][texturemanager.cpp:162]: Cannot find texture in map textureLabel = 
[WARNING][texturemanager.cpp:162]: Cannot find texture in map textureLabel = 
[WARNING][texturemanager.cpp:162]: Cannot find texture in map textureLabel = 
[WARNING][texturemanager.cpp:162]: Cannot find texture in map textureLabel = 
[WARNING][texturemanager.cpp:162]: Cannot find texture in map textureLabel = 
[WARNING][texturemanager.cpp:162]: Cannot find texture in map textureLabel = 
[WARNING][texturemanager.cpp:162]: Cannot find texture in map textureLabel = 
[WARNING][texturemanager.cpp:162]: Cannot find texture in map textureLabel = 
[WARNING][texturemanager.cpp:162]: Cannot find texture in map textureLabel = 
[WARNING][texturemanager.cpp:162]: Cannot find texture in map textureLabel = 
[WARNING][texturemanager.cpp:162]: Cannot find texture in map textureLabel = 
[WARNING][texturemanager.cpp:162]: Cannot find texture in map textureLabel = 
[WARNING][texturemanager.cpp:162]: Cannot find texture in map textureLabel = 
[WARNING][texturemanager.cpp:162]: Cannot find texture in map textureLabel = 
[WARNING][texturemanager.cpp:162]: Cannot find texture in map textureLabel = 
[WARNING][texturemanager.cpp:162]: Cannot find texture in map textureLabel = 
[WARNING][texturemanager.cpp:162]: Cannot find texture in map textureLabel = 
[WARNING][texturemanager.cpp:162]: Cannot find texture in map textureLabel = 
[WARNING][texturemanager.cpp:162]: Cannot find texture in map textureLabel = 
[WARNING][texturemanager.cpp:162]: Cannot find texture in map textureLabel = 
[WARNING][texturemanager.cpp:162]: Cannot find texture in map textureLabel = 
[WARNING][texturemanager.cpp:162]: Cannot find texture in map textureLabel = 
[WARNING][texturemanager.cpp:162]: Cannot find texture in map textureLabel = 
[WARNING][texturemanager.cpp:162]: Cannot find texture in map textureLabel = 
[WARNING][texturemanager.cpp:162]: Cannot find texture in map textureLabel = 
[WARNING][texturemanager.cpp:162]: Cannot find texture in map textureLabel = 
[WARNING][texturemanager.cpp:162]: Cannot find texture in map textureLabel = 
[WARNING][texturemanager.cpp:162]: Cannot find texture in map textureLabel = 
[WARNING][texturemanager.cpp:162]: Cannot find texture in map textureLabel = 
[WARNING][texturemanager.cpp:162]: Cannot find texture in map textureLabel = 
[WARNING][texturemanager.cpp:162]: Cannot find texture in map textureLabel = 
[WARNING][texturemanager.cpp:162]: Cannot find texture in map textureLabel = 
[WARNING][texturemanager.cpp:162]: Cannot find texture in map textureLabel = 
[WARNING][texturemanager.cpp:162]: Cannot find texture in map textureLabel = 
[WARNING][texturemanager.cpp:162]: Cannot find texture in map textureLabel = 
[WARNING][texturemanager.cpp:162]: Cannot find texture in map textureLabel = 
[WARNING][texturemanager.cpp:162]: Cannot find texture in map textureLabel = 
[WARNING][texturemanager.cpp:162]: Cannot find texture in map textureLabel = 
[WARNING][texturemanager.cpp:162]: Cannot find texture in map textureLabel = 
[WARNING][texturemanager.cpp:162]: Cannot find texture in map textureLabel = 
[WARNING][texturemanager.cpp:162]: Cannot find texture in map textureLabel = 
[WARNING][texturemanager.cpp:162]: Cannot find texture in map textureLabel = 
[WARNING][texturemanager.cpp:162]: Cannot find texture in map textureLabel = 
[WARNING][texturemanager.cpp:162]: Cannot find texture in map textureLabel = 
[WARNING][texturemanager.cpp:162]: Cannot find texture in map textureLabel = 
[WARNING][texturemanager.cpp:162]: Cannot find texture in map textureLabel = 
[WARNING][texturemanager.cpp:162]: Cannot find texture in map textureLabel = 
[WARNING][texturemanager.cpp:162]: Cannot find texture in map textureLabel = 
[WARNING][texturemanager.cpp:162]: Cannot find texture in map textureLabel = 
[WARNING][texturemanager.cpp:162]: Cannot find texture in map textureLabel = 
[WARNING][texturemanager.cpp:162]: Cannot find texture in map textureLabel = 
[WARNING][texturemanager.cpp:162]: Cannot find texture in map textureLabel = 
[WARNING][texturemanager.cpp:162]: Cannot find texture in map textureLabel = 
[WARNING][texturemanager.cpp:162]: Cannot find texture in map textureLabel = 
[WARNING][texturemanager.cpp:162]: Cannot find texture in map textureLabel = 
[WARNING][texturemanager.cpp:162]: Cannot find texture in map textureLabel = 
[WARNING][texturemanager.cpp:162]: Cannot find texture in map textureLabel = 
[WARNING][texturemanager.cpp:162]: Cannot find texture in map textureLabel = 
[WARNING][texturemanager.cpp:162]: Cannot find texture in map textureLabel = 
[WARNING][texturemanager.cpp:162]: Cannot find texture in map textureLabel = 
[WARNING][texturemanager.cpp:162]: Cannot find texture in map textureLabel = 
[WARNING][texturemanager.cpp:162]: Cannot find texture in map textureLabel = 
[WARNING][texturemanager.cpp:162]: Cannot find texture in map textureLabel = 
[WARNING][texturemanager.cpp:162]: Cannot find texture in map textureLabel = 
[WARNING][texturemanager.cpp:162]: Cannot find texture in map textureLabel = 
[WARNING][texturemanager.cpp:162]: Cannot find texture in map textureLabel = 
[WARNING][texturemanager.cpp:162]: Cannot find texture in map textureLabel = 
[WARNING][texturemanager.cpp:162]: Cannot find texture in map textureLabel = 
[WARNING][texturemanager.cpp:162]: Cannot find texture in map textureLabel = 
[WARNING][texturemanager.cpp:162]: Cannot find texture in map textureLabel = 
[WARNING][texturemanager.cpp:162]: Cannot find texture in map textureLabel = 
[WARNING][texturemanager.cpp:162]: Cannot find texture in map textureLabel = 
[WARNING][texturemanager.cpp:162]: Cannot find texture in map textureLabel = 
[WARNING][texturemanager.cpp:162]: Cannot find texture in map textureLabel = 
[WARNING][texturemanager.cpp:162]: Cannot find texture in map textureLabel = 
[WARNING][texturemanager.cpp:162]: Cannot find texture in map textureLabel = 
[WARNING][texturemanager.cpp:162]: Cannot find texture in map textureLabel = 
[WARNING][texturemanager.cpp:162]: Cannot find texture in map textureLabel = 
[WARNING][texturemanager.cpp:162]: Cannot find texture in map textureLabel = 
[WARNING][texturemanager.cpp:162]: Cannot find texture in map textureLabel = 
[WARNING][texturemanager.cpp:162]: Cannot find texture in map textureLabel = 
[WARNING][texturemanager.cpp:162]: Cannot find texture in map textureLabel = 
[WARNING][texturemanager.cpp:162]: Cannot find texture in map textureLabel = 
[WARNING][texturemanager.cpp:162]: Cannot find texture in map textureLabel = 
[WARNING][texturemanager.cpp:162]: Cannot find texture in map textureLabel = 
[WARNING][texturemanager.cpp:162]: Cannot find texture in map textureLabel = 
[WARNING][texturemanager.cpp:162]: Cannot find texture in map textureLabel = 
[WARNING][texturemanager.cpp:162]: Cannot find texture in map textureLabel = 
[WARNING][texturemanager.cpp:162]: Cannot find texture in map textureLabel = 
[WARNING][texturemanager.cpp:162]: Cannot find texture in map textureLabel = 
[WARNING][texturemanager.cpp:162]: Cannot find texture in map textureLabel = 
[WARNING][texturemanager.cpp:162]: Cannot find texture in map textureLabel = 
[WARNING][texturemanager.cpp:162]: Cannot find texture in map textureLabel = 
[WARNING][texturemanager.cpp:162]: Cannot find texture in map textureLabel = 
[WARNING][texturemanager.cpp:162]: Cannot find texture in map textureLabel = 
[WARNING][texturemanager.cpp:162]: Cannot find texture in map textureLabel = 
[WARNING][texturemanager.cpp:162]: Cannot find texture in map textureLabel = 
[WARNING][texturemanager.cpp:162]: Cannot find texture in map textureLabel = 
[WARNING][texturemanager.cpp:162]: Cannot find texture in map textureLabel = 
[WARNING][texturemanager.cpp:162]: Cannot find texture in map textureLabel = 
[WARNING][texturemanager.cpp:162]: Cannot find texture in map textureLabel = 
[WARNING][texturemanager.cpp:162]: Cannot find texture in map textureLabel = 
[WARNING][texturemanager.cpp:162]: Cannot find texture in map textureLabel = 
[WARNING][texturemanager.cpp:162]: Cannot find texture in map textureLabel = 
[WARNING][texturemanager.cpp:162]: Cannot find texture in map textureLabel = 
[WARNING][texturemanager.cpp:162]: Cannot find texture in map textureLabel = 
[WARNING][texturemanager.cpp:162]: Cannot find texture in map textureLabel = 
[WARNING][texturemanager.cpp:162]: Cannot find texture in map textureLabel = 
[WARNING][texturemanager.cpp:162]: Cannot find texture in map textureLabel = 
[WARNING][texturemanager.cpp:162]: Cannot find texture in map textureLabel = 
[WARNING][texturemanager.cpp:162]: Cannot find texture in map textureLabel = 
[WARNING][texturemanager.cpp:162]: Cannot find texture in map textureLabel = 
[WARNING][texturemanager.cpp:162]: Cannot find texture in map textureLabel = 
[WARNING][texturemanager.cpp:162]: Cannot find texture in map textureLabel = 
[WARNING][texturemanager.cpp:162]: Cannot find texture in map textureLabel = 
[WARNING][texturemanager.cpp:162]: Cannot find texture in map textureLabel = 
[WARNING][texturemanager.cpp:162]: Cannot find texture in map textureLabel = 
[WARNING][texturemanager.cpp:162]: Cannot find texture in map textureLabel = 
[WARNING][texturemanager.cpp:162]: Cannot find texture in map textureLabel = 
[WARNING][texturemanager.cpp:162]: Cannot find texture in map textureLabel = 
[WARNING][texturemanager.cpp:162]: Cannot find texture in map textureLabel = 
[WARNING][texturemanager.cpp:162]: Cannot find texture in map textureLabel = 
[WARNING][texturemanager.cpp:162]: Cannot find texture in map textureLabel = 
[WARNING][texturemanager.cpp:162]: Cannot find texture in map textureLabel = 
[WARNING][texturemanager.cpp:162]: Cannot find texture in map textureLabel = 
[WARNING][texturemanager.cpp:162]: Cannot find texture in map textureLabel = 
[WARNING][texturemanager.cpp:162]: Cannot find texture in map textureLabel = 
[WARNING][texturemanager.cpp:162]: Cannot find texture in map textureLabel = 
[WARNING][texturemanager.cpp:162]: Cannot find texture in map textureLabel = 
[WARNING][texturemanager.cpp:162]: Cannot find texture in map textureLabel = 
[WARNING][texturemanager.cpp:162]: Cannot find texture in map textureLabel = 
[WARNING][texturemanager.cpp:162]: Cannot find texture in map textureLabel = 
[WARNING][texturemanager.cpp:162]: Cannot find texture in map textureLabel = 
[WARNING][texturemanager.cpp:162]: Cannot find texture in map textureLabel = 
[WARNING][texturemanager.cpp:162]: Cannot find texture in map textureLabel = 
[WARNING][texturemanager.cpp:162]: Cannot find texture in map textureLabel = 
[WARNING][texturemanager.cpp:162]: Cannot find texture in map textureLabel = 
[WARNING][texturemanager.cpp:162]: Cannot find texture in map textureLabel = 
[WARNING][texturemanager.cpp:162]: Cannot find texture in map textureLabel = 
[WARNING][texturemanager.cpp:162]: Cannot find texture in map textureLabel = 
[WARNING][texturemanager.cpp:162]: Cannot find texture in map textureLabel = 
[WARNING][texturemanager.cpp:162]: Cannot find texture in map textureLabel = 
[WARNING][texturemanager.cpp:162]: Cannot find texture in map textureLabel = 
[WARNING][texturemanager.cpp:162]: Cannot find texture in map textureLabel = 
[WARNING][texturemanager.cpp:162]: Cannot find texture in map textureLabel = 
[WARNING][texturemanager.cpp:162]: Cannot find texture in map textureLabel = 
[WARNING][texturemanager.cpp:162]: Cannot find texture in map textureLabel = 
[WARNING][texturemanager.cpp:162]: Cannot find texture in map textureLabel = 
[WARNING][texturemanager.cpp:162]: Cannot find texture in map textureLabel = 
[WARNING][texturemanager.cpp:162]: Cannot find texture in map textureLabel = 
[WARNING][texturemanager.cpp:162]: Cannot find texture in map textureLabel = 
[WARNING][texturemanager.cpp:162]: Cannot find texture in map textureLabel = 
[WARNING][texturemanager.cpp:162]: Cannot find texture in map textureLabel = 
[WARNING][texturemanager.cpp:162]: Cannot find texture in map textureLabel = 
[WARNING][texturemanager.cpp:162]: Cannot find texture in map textureLabel = 
[WARNING][texturemanager.cpp:162]: Cannot find texture in map textureLabel = 
[WARNING][texturemanager.cpp:162]: Cannot find texture in map textureLabel = 
[WARNING][texturemanager.cpp:162]: Cannot find texture in map textureLabel = 
[WARNING][texturemanager.cpp:162]: Cannot find texture in map textureLabel = 
[WARNING][texturemanager.cpp:162]: Cannot find texture in map textureLabel = 
[WARNING][texturemanager.cpp:162]: Cannot find texture in map textureLabel = 
[WARNING][texturemanager.cpp:162]: Cannot find texture in map textureLabel = 
[WARNING][texturemanager.cpp:162]: Cannot find texture in map textureLabel = 
[WARNING][texturemanager.cpp:162]: Cannot find texture in map textureLabel = 
[WARNING][texturemanager.cpp:162]: Cannot find texture in map textureLabel = 
[WARNING][texturemanager.cpp:162]: Cannot find texture in map textureLabel = 
[WARNING][texturemanager.cpp:162]: Cannot find texture in map textureLabel = 
[WARNING][texturemanager.cpp:162]: Cannot find texture in map textureLabel = 
[WARNING][texturemanager.cpp:162]: Cannot find texture in map textureLabel = 
[WARNING][texturemanager.cpp:162]: Cannot find texture in map textureLabel = 
[WARNING][texturemanager.cpp:162]: Cannot find texture in map textureLabel = 
[WARNING][texturemanager.cpp:162]: Cannot find texture in map textureLabel = 
[WARNING][texturemanager.cpp:162]: Cannot find texture in map textureLabel = 
[WARNING][texturemanager.cpp:162]: Cannot find texture in map textureLabel = 
[WARNING][texturemanager.cpp:162]: Cannot find texture in map textureLabel = 
[WARNING][texturemanager.cpp:162]: Cannot find texture in map textureLabel = 
[WARNING][texturemanager.cpp:162]: Cannot find texture in map textureLabel = 
[WARNING][texturemanager.cpp:162]: Cannot find texture in map textureLabel = 
[WARNING][texturemanager.cpp:162]: Cannot find texture in map textureLabel = 
[WARNING][texturemanager.cpp:162]: Cannot find texture in map textureLabel = 
[WARNING][texturemanager.cpp:162]: Cannot find texture in map textureLabel = 
[WARNING][texturemanager.cpp:162]: Cannot find texture in map textureLabel = 
[WARNING][texturemanager.cpp:162]: Cannot find texture in map textureLabel = 
[WARNING][texturemanager.cpp:162]: Cannot find texture in map textureLabel = 
[WARNING][texturemanager.cpp:162]: Cannot find texture in map textureLabel = 
[WARNING][texturemanager.cpp:162]: Cannot find texture in map textureLabel = 
[WARNING][texturemanager.cpp:162]: Cannot find texture in map textureLabel = 
[WARNING][texturemanager.cpp:162]: Cannot find texture in map textureLabel = 
[WARNING][texturemanager.cpp:162]: Cannot find texture in map textureLabel = 
[WARNING][texturemanager.cpp:162]: Cannot find texture in map textureLabel = 
[WARNING][texturemanager.cpp:162]: Cannot find texture in map textureLabel = 
[WARNING][texturemanager.cpp:162]: Cannot find texture in map textureLabel = 
[WARNING][texturemanager.cpp:162]: Cannot find texture in map textureLabel = 
[WARNING][texturemanager.cpp:162]: Cannot find texture in map textureLabel = 
[WARNING][texturemanager.cpp:162]: Cannot find texture in map textureLabel = 
[WARNING][texturemanager.cpp:162]: Cannot find texture in map textureLabel = 
[WARNING][texturemanager.cpp:162]: Cannot find texture in map textureLabel = 
[WARNING][texturemanager.cpp:162]: Cannot find texture in map textureLabel = 
[WARNING][texturemanager.cpp:162]: Cannot find texture in map textureLabel = 
[WARNING][texturemanager.cpp:162]: Cannot find texture in map textureLabel = 
[WARNING][texturemanager.cpp:162]: Cannot find texture in map textureLabel = 
[WARNING][texturemanager.cpp:162]: Cannot find texture in map textureLabel = 
[WARNING][texturemanager.cpp:162]: Cannot find texture in map textureLabel = 
[WARNING][texturemanager.cpp:162]: Cannot find texture in map textureLabel = 
[WARNING][texturemanager.cpp:162]: Cannot find texture in map textureLabel = 
[WARNING][texturemanager.cpp:162]: Cannot find texture in map textureLabel = 
[WARNING][texturemanager.cpp:162]: Cannot find texture in map textureLabel = 
[WARNING][texturemanager.cpp:162]: Cannot find texture in map textureLabel = 
[WARNING][texturemanager.cpp:162]: Cannot find texture in map textureLabel = 
[WARNING][texturemanager.cpp:162]: Cannot find texture in map textureLabel = 
[WARNING][texturemanager.cpp:162]: Cannot find texture in map textureLabel = 
[WARNING][texturemanager.cpp:162]: Cannot find texture in map textureLabel = 
[WARNING][texturemanager.cpp:162]: Cannot find texture in map textureLabel = 
[WARNING][texturemanager.cpp:162]: Cannot find texture in map textureLabel = 
[WARNING][texturemanager.cpp:162]: Cannot find texture in map textureLabel = 
[WARNING][texturemanager.cpp:162]: Cannot find texture in map textureLabel = 
[WARNING][texturemanager.cpp:162]: Cannot find texture in map textureLabel = 
[WARNING][texturemanager.cpp:162]: Cannot find texture in map textureLabel = 
[WARNING][texturemanager.cpp:162]: Cannot find texture in map textureLabel = 
[WARNING][texturemanager.cpp:162]: Cannot find texture in map textureLabel = 
[WARNING][texturemanager.cpp:162]: Cannot find texture in map textureLabel = 
[WARNING][texturemanager.cpp:162]: Cannot find texture in map textureLabel = 
[WARNING][texturemanager.cpp:162]: Cannot find texture in map textureLabel = 
[WARNING][texturemanager.cpp:162]: Cannot find texture in map textureLabel = 
[WARNING][texturemanager.cpp:162]: Cannot find texture in map textureLabel = 
[WARNING][texturemanager.cpp:162]: Cannot find texture in map textureLabel = 
[WARNING][texturemanager.cpp:162]: Cannot find texture in map textureLabel = 
[WARNING][texturemanager.cpp:162]: Cannot find texture in map textureLabel = 
[WARNING][texturemanager.cpp:162]: Cannot find texture in map textureLabel = 
[WARNING][texturemanager.cpp:162]: Cannot find texture in map textureLabel = 
[WARNING][texturemanager.cpp:162]: Cannot find texture in map textureLabel = 
[WARNING][texturemanager.cpp:162]: Cannot find texture in map textureLabel = 
[WARNING][texturemanager.cpp:162]: Cannot find texture in map textureLabel = 
[WARNING][texturemanager.cpp:162]: Cannot find texture in map textureLabel = 
[WARNING][texturemanager.cpp:162]: Cannot find texture in map textureLabel = 
[WARNING][texturemanager.cpp:162]: Cannot find texture in map textureLabel = 
[WARNING][texturemanager.cpp:162]: Cannot find texture in map textureLabel = 
[WARNING][texturemanager.cpp:162]: Cannot find texture in map textureLabel = 
[WARNING][texturemanager.cpp:162]: Cannot find texture in map textureLabel = 
[WARNING][texturemanager.cpp:162]: Cannot find texture in map textureLabel = 
[WARNING][texturemanager.cpp:162]: Cannot find texture in map textureLabel = 
[WARNING][texturemanager.cpp:162]: Cannot find texture in map textureLabel = 
[WARNING][texturemanager.cpp:162]: Cannot find texture in map textureLabel = 
[WARNING][texturemanager.cpp:162]: Cannot find texture in map textureLabel = 
[WARNING][texturemanager.cpp:162]: Cannot find texture in map textureLabel = 
[WARNING][texturemanager.cpp:162]: Cannot find texture in map textureLabel = 
[WARNING][texturemanager.cpp:162]: Cannot find texture in map textureLabel = 
[WARNING][texturemanager.cpp:162]: Cannot find texture in map textureLabel = 
[WARNING][texturemanager.cpp:162]: Cannot find texture in map textureLabel = 
[WARNING][texturemanager.cpp:162]: Cannot find texture in map textureLabel = 
[WARNING][texturemanager.cpp:162]: Cannot find texture in map textureLabel = 
[WARNING][texturemanager.cpp:162]: Cannot find texture in map textureLabel = 
[WARNING][texturemanager.cpp:162]: Cannot find texture in map textureLabel = 
[WARNING][texturemanager.cpp:162]: Cannot find texture in map textureLabel = 
[WARNING][texturemanager.cpp:162]: Cannot find texture in map textureLabel = 
[WARNING][texturemanager.cpp:162]: Cannot find texture in map textureLabel = 
[WARNING][texturemanager.cpp:162]: Cannot find texture in map textureLabel = 
[WARNING][texturemanager.cpp:162]: Cannot find texture in map textureLabel = 
[WARNING][texturemanager.cpp:162]: Cannot find texture in map textureLabel = 
[WARNING][texturemanager.cpp:162]: Cannot find texture in map textureLabel = 
[WARNING][texturemanager.cpp:162]: Cannot find texture in map textureLabel = 
[WARNING][texturemanager.cpp:162]: Cannot find texture in map textureLabel = 
[WARNING][texturemanager.cpp:162]: Cannot find texture in map textureLabel = 
[WARNING][texturemanager.cpp:162]: Cannot find texture in map textureLabel = 
[WARNING][texturemanager.cpp:162]: Cannot find texture in map textureLabel = 
[WARNING][texturemanager.cpp:162]: Cannot find texture in map textureLabel = 
[WARNING][texturemanager.cpp:162]: Cannot find texture in map textureLabel = 
[WARNING][texturemanager.cpp:162]: Cannot find texture in map textureLabel = 
[WARNING][texturemanager.cpp:162]: Cannot find texture in map textureLabel = 
[WARNING][texturemanager.cpp:162]: Cannot find texture in map textureLabel = 
[WARNING][texturemanager.cpp:162]: Cannot find texture in map textureLabel = 
[WARNING][texturemanager.cpp:162]: Cannot find texture in map textureLabel = 
[WARNING][texturemanager.cpp:162]: Cannot find texture in map textureLabel = 
[WARNING][texturemanager.cpp:162]: Cannot find texture in map textureLabel = 
[WARNING][texturemanager.cpp:162]: Cannot find texture in map textureLabel = 
[WARNING][texturemanager.cpp:162]: Cannot find texture in map textureLabel = 
[WARNING][texturemanager.cpp:162]: Cannot find texture in map textureLabel = 
[WARNING][texturemanager.cpp:162]: Cannot find texture in map textureLabel = 
[WARNING][texturemanager.cpp:162]: Cannot find texture in map textureLabel = 
[WARNING][texturemanager.cpp:162]: Cannot find texture in map textureLabel = 
[WARNING][texturemanager.cpp:162]: Cannot find texture in map textureLabel = 
[WARNING][texturemanager.cpp:162]: Cannot find texture in map textureLabel = 
[WARNING][texturemanager.cpp:162]: Cannot find texture in map textureLabel = 
[WARNING][texturemanager.cpp:162]: Cannot find texture in map textureLabel = 
[WARNING][texturemanager.cpp:162]: Cannot find texture in map textureLabel = 
[WARNING][texturemanager.cpp:162]: Cannot find texture in map textureLabel = 
[WARNING][texturemanager.cpp:162]: Cannot find texture in map textureLabel = 
[WARNING][texturemanager.cpp:162]: Cannot find texture in map textureLabel = 
[WARNING][texturemanager.cpp:162]: Cannot find texture in map textureLabel = 
[WARNING][texturemanager.cpp:162]: Cannot find texture in map textureLabel = 
[WARNING][texturemanager.cpp:162]: Cannot find texture in map textureLabel = 
[WARNING][texturemanager.cpp:162]: Cannot find texture in map textureLabel = 
[WARNING][texturemanager.cpp:162]: Cannot find texture in map textureLabel = 
[WARNING][texturemanager.cpp:162]: Cannot find texture in map textureLabel = 
[WARNING][texturemanager.cpp:162]: Cannot find texture in map textureLabel = 
[WARNING][texturemanager.cpp:162]: Cannot find texture in map textureLabel = 
[WARNING][texturemanager.cpp:162]: Cannot find texture in map textureLabel = 
[WARNING][texturemanager.cpp:162]: Cannot find texture in map textureLabel = 
[WARNING][texturemanager.cpp:162]: Cannot find texture in map textureLabel = 
[WARNING][texturemanager.cpp:162]: Cannot find texture in map textureLabel = 
[WARNING][texturemanager.cpp:162]: Cannot find texture in map textureLabel = 
[WARNING][texturemanager.cpp:162]: Cannot find texture in map textureLabel = 
[WARNING][texturemanager.cpp:162]: Cannot find texture in map textureLabel = 
[WARNING][texturemanager.cpp:162]: Cannot find texture in map textureLabel = 
[WARNING][texturemanager.cpp:162]: Cannot find texture in map textureLabel = 
[WARNING][texturemanager.cpp:162]: Cannot find texture in map textureLabel = 
[WARNING][texturemanager.cpp:162]: Cannot find texture in map textureLabel = 
[WARNING][texturemanager.cpp:162]: Cannot find texture in map textureLabel = 
[WARNING][texturemanager.cpp:162]: Cannot find texture in map textureLabel = 
[WARNING][texturemanager.cpp:162]: Cannot find texture in map textureLabel = 
[WARNING][texturemanager.cpp:162]: Cannot find texture in map textureLabel = 
[WARNING][texturemanager.cpp:162]: Cannot find texture in map textureLabel = 
[WARNING][texturemanager.cpp:162]: Cannot find texture in map textureLabel = 
[WARNING][texturemanager.cpp:162]: Cannot find texture in map textureLabel = 
[WARNING][texturemanager.cpp:162]: Cannot find texture in map textureLabel = 
[WARNING][texturemanager.cpp:162]: Cannot find texture in map textureLabel = 
[WARNING][texturemanager.cpp:162]: Cannot find texture in map textureLabel = 
[WARNING][texturemanager.cpp:162]: Cannot find texture in map textureLabel = 
[WARNING][texturemanager.cpp:162]: Cannot find texture in map textureLabel = 
[WARNING][texturemanager.cpp:162]: Cannot find texture in map textureLabel = 
[WARNING][texturemanager.cpp:162]: Cannot find texture in map textureLabel = 
[WARNING][texturemanager.cpp:162]: Cannot find texture in map textureLabel = 
[WARNING][texturemanager.cpp:162]: Cannot find texture in map textureLabel = 
[WARNING][texturemanager.cpp:162]: Cannot find texture in map textureLabel = 
[WARNING][texturemanager.cpp:162]: Cannot find texture in map textureLabel = 
[WARNING][texturemanager.cpp:162]: Cannot find texture in map textureLabel = 
[WARNING][texturemanager.cpp:162]: Cannot find texture in map textureLabel = 
[WARNING][texturemanager.cpp:162]: Cannot find texture in map textureLabel = 
[WARNING][texturemanager.cpp:162]: Cannot find texture in map textureLabel = 
[WARNING][texturemanager.cpp:162]: Cannot find texture in map textureLabel = 
[WARNING][texturemanager.cpp:162]: Cannot find texture in map textureLabel = 
[WARNING][texturemanager.cpp:162]: Cannot find texture in map textureLabel = 
[WARNING][texturemanager.cpp:162]: Cannot find texture in map textureLabel = 
[WARNING][texturemanager.cpp:162]: Cannot find texture in map textureLabel = 
[WARNING][texturemanager.cpp:162]: Cannot find texture in map textureLabel = 
[WARNING][texturemanager.cpp:162]: Cannot find texture in map textureLabel = 
[WARNING][texturemanager.cpp:162]: Cannot find texture in map textureLabel = 
[WARNING][texturemanager.cpp:162]: Cannot find texture in map textureLabel = 
[WARNING][texturemanager.cpp:162]: Cannot find texture in map textureLabel = 
[WARNING][texturemanager.cpp:162]: Cannot find texture in map textureLabel = 
[WARNING][texturemanager.cpp:162]: Cannot find texture in map textureLabel = 
[WARNING][texturemanager.cpp:162]: Cannot find texture in map textureLabel = 
[WARNING][texturemanager.cpp:162]: Cannot find texture in map textureLabel = 
[WARNING][texturemanager.cpp:162]: Cannot find texture in map textureLabel = 
[WARNING][texturemanager.cpp:162]: Cannot find texture in map textureLabel = 
[WARNING][texturemanager.cpp:162]: Cannot find texture in map textureLabel = 
[WARNING][texturemanager.cpp:162]: Cannot find texture in map textureLabel = 
[WARNING][texturemanager.cpp:162]: Cannot find texture in map textureLabel = 
[WARNING][texturemanager.cpp:162]: Cannot find texture in map textureLabel = 
[WARNING][texturemanager.cpp:162]: Cannot find texture in map textureLabel = 
[WARNING][texturemanager.cpp:162]: Cannot find texture in map textureLabel = 
[WARNING][texturemanager.cpp:162]: Cannot find texture in map textureLabel = 
[WARNING][texturemanager.cpp:162]: Cannot find texture in map textureLabel = 
[WARNING][texturemanager.cpp:162]: Cannot find texture in map textureLabel = 
[WARNING][texturemanager.cpp:162]: Cannot find texture in map textureLabel = 
[WARNING][texturemanager.cpp:162]: Cannot find texture in map textureLabel = 
[WARNING][texturemanager.cpp:162]: Cannot find texture in map textureLabel = 
[WARNING][texturemanager.cpp:162]: Cannot find texture in map textureLabel = 
[WARNING][texturemanager.cpp:162]: Cannot find texture in map textureLabel = 
[WARNING][texturemanager.cpp:162]: Cannot find texture in map textureLabel = 
[WARNING][texturemanager.cpp:162]: Cannot find texture in map textureLabel = 
[WARNING][texturemanager.cpp:162]: Cannot find texture in map textureLabel = 
[WARNING][texturemanager.cpp:162]: Cannot find texture in map textureLabel = 
[WARNING][texturemanager.cpp:162]: Cannot find texture in map textureLabel = 
[WARNING][texturemanager.cpp:162]: Cannot find texture in map textureLabel = 
[WARNING][texturemanager.cpp:162]: Cannot find texture in map textureLabel = 
[WARNING][texturemanager.cpp:162]: Cannot find texture in map textureLabel = 
[WARNING][texturemanager.cpp:162]: Cannot find texture in map textureLabel = 
[WARNING][texturemanager.cpp:162]: Cannot find texture in map textureLabel = 
[WARNING][texturemanager.cpp:162]: Cannot find texture in map textureLabel = 
[WARNING][texturemanager.cpp:162]: Cannot find texture in map textureLabel = 
[WARNING][texturemanager.cpp:162]: Cannot find texture in map textureLabel = 
[WARNING][texturemanager.cpp:162]: Cannot find texture in map textureLabel = 
[WARNING][texturemanager.cpp:162]: Cannot find texture in map textureLabel = 
[WARNING][texturemanager.cpp:162]: Cannot find texture in map textureLabel = 
[WARNING][texturemanager.cpp:162]: Cannot find texture in map textureLabel = 
[WARNING][texturemanager.cpp:162]: Cannot find texture in map textureLabel = 
[WARNING][texturemanager.cpp:162]: Cannot find texture in map textureLabel = 
[WARNING][texturemanager.cpp:162]: Cannot find texture in map textureLabel = 
[WARNING][texturemanager.cpp:162]: Cannot find texture in map textureLabel = 
[WARNING][texturemanager.cpp:162]: Cannot find texture in map textureLabel = 
[WARNING][texturemanager.cpp:162]: Cannot find texture in map textureLabel = 
[WARNING][texturemanager.cpp:162]: Cannot find texture in map textureLabel = 
[WARNING][texturemanager.cpp:162]: Cannot find texture in map textureLabel = 
[WARNING][texturemanager.cpp:162]: Cannot find texture in map textureLabel = 
[WARNING][texturemanager.cpp:162]: Cannot find texture in map textureLabel = 
[WARNING][texturemanager.cpp:162]: Cannot find texture in map textureLabel = 
[WARNING][texturemanager.cpp:162]: Cannot find texture in map textureLabel = 
[WARNING][texturemanager.cpp:162]: Cannot find texture in map textureLabel = 
[WARNING][texturemanager.cpp:162]: Cannot find texture in map textureLabel = 
[WARNING][texturemanager.cpp:162]: Cannot find texture in map textureLabel = 
[INFO][editormanager.cpp:55]: Application end
